Arguments: 
  /usr/local/Cellar/node/14.4.0/bin/node /usr/local/Cellar/yarn/1.22.4/libexec/bin/yarn.js add timelinemax

PATH: 
  ./bin:./node_modules/.bin:/Users/dareosk/.pyenv/bin:/Users/dareosk/.rbenv/shims:/Users/dareosk/.rbenv/bin:/usr/local/bin:/usr/bin:/bin:/usr/sbin:/sbin:/usr/local/sbin

Yarn version: 
  1.22.4

Node version: 
  14.4.0

Platform: 
  darwin x64

Trace: 
  Error: https://registry.yarnpkg.com/timelinemax: Not found
      at Request.params.callback [as _callback] (/usr/local/Cellar/yarn/1.22.4/libexec/lib/cli.js:66987:18)
      at Request.self.callback (/usr/local/Cellar/yarn/1.22.4/libexec/lib/cli.js:140748:22)
      at Request.emit (events.js:315:20)
      at Request.<anonymous> (/usr/local/Cellar/yarn/1.22.4/libexec/lib/cli.js:141720:10)
      at Request.emit (events.js:315:20)
      at IncomingMessage.<anonymous> (/usr/local/Cellar/yarn/1.22.4/libexec/lib/cli.js:141642:12)
      at Object.onceWrapper (events.js:421:28)
      at IncomingMessage.emit (events.js:327:22)
      at endReadableNT (_stream_readable.js:1224:12)
      at processTicksAndRejections (internal/process/task_queues.js:84:21)

npm manifest: 
  {
    "dependencies": {
      "scrollmagic": "^2.0.7"
    }
  }

yarn manifest: 
  No manifest

Lockfile: 
  # THIS IS AN AUTOGENERATED FILE. DO NOT EDIT THIS FILE DIRECTLY.
  # yarn lockfile v1
  
  
  scrollmagic@^2.0.7:
    version "2.0.7"
    resolved "https://registry.yarnpkg.com/scrollmagic/-/scrollmagic-2.0.7.tgz#4139216f3849d226e38b3ef1e5dbbacf25190b35"
    integrity sha512-Qu23XB3YTBhqbnTIkyVhVAEP/7r2APvW+QFfxCpd6LvJ5byCnlvSMzSeBdpyKbDKXBxVWGE9XFXUTvue3B7VrQ==
